10.1.13.11
OFPT_FEATURES_REPLY (xid=0x2): dpid:0000180373ef7445
n_tables:254, n_buffers:256
capabilities: FLOW_STATS TABLE_STATS PORT_STATS QUEUE_STATS ARP_MATCH_IP
actions: output enqueue set_vlan_vid set_vlan_pcp strip_vlan mod_dl_src mod_dl_dst mod_nw_src mod_nw_dst mod_nw_tos mod_tp_src mod_tp_dst
 1(em3.15): addr:18:03:73:ef:74:45
     config:     0
     state:      0
     current:    1GB-FD COPPER AUTO_NEG
     advertised: 10MB-HD 10MB-FD 100MB-HD 100MB-FD 1GB-FD AUTO_NEG
     supported:  10MB-HD 10MB-FD 100MB-HD 100MB-FD 1GB-FD COPPER AUTO_NEG
     speed: 1000 Mbps now, 1000 Mbps max
 2(15-patch-int): addr:32:99:22:42:b0:e7
     config:     0
     state:      0
     speed: 0 Mbps now, 0 Mbps max
 LOCAL(br15): addr:18:03:73:ef:74:45
     config:     0
     state:      0
     speed: 0 Mbps now, 0 Mbps max
OFPT_GET_CONFIG_REPLY (xid=0x4): frags=normal miss_send_len=0
10.1.13.12
OFPT_FEATURES_REPLY (xid=0x2): dpid:000014feb5d49837
n_tables:254, n_buffers:256
capabilities: FLOW_STATS TABLE_STATS PORT_STATS QUEUE_STATS ARP_MATCH_IP
actions: output enqueue set_vlan_vid set_vlan_pcp strip_vlan mod_dl_src mod_dl_dst mod_nw_src mod_nw_dst mod_nw_tos mod_tp_src mod_tp_dst
 1(em3.15): addr:14:fe:b5:d4:98:37
     config:     0
     state:      0
     current:    1GB-FD COPPER AUTO_NEG
     advertised: 10MB-HD 10MB-FD 100MB-HD 100MB-FD 1GB-FD AUTO_NEG
     supported:  10MB-HD 10MB-FD 100MB-HD 100MB-FD 1GB-FD COPPER AUTO_NEG
     speed: 1000 Mbps now, 1000 Mbps max
 2(15-patch-int): addr:2a:bd:6b:fa:4c:e2
     config:     0
     state:      0
     speed: 0 Mbps now, 0 Mbps max
 LOCAL(br15): addr:14:fe:b5:d4:98:37
     config:     0
     state:      0
     speed: 0 Mbps now, 0 Mbps max
OFPT_GET_CONFIG_REPLY (xid=0x4): frags=normal miss_send_len=0
10.1.13.13
OFPT_FEATURES_REPLY (xid=0x2): dpid:0000180373edf050
n_tables:254, n_buffers:256
capabilities: FLOW_STATS TABLE_STATS PORT_STATS QUEUE_STATS ARP_MATCH_IP
actions: output enqueue set_vlan_vid set_vlan_pcp strip_vlan mod_dl_src mod_dl_dst mod_nw_src mod_nw_dst mod_nw_tos mod_tp_src mod_tp_dst
 1(em3.15): addr:18:03:73:ed:f0:50
     config:     0
     state:      0
     current:    1GB-FD COPPER AUTO_NEG
     advertised: 10MB-HD 10MB-FD 100MB-HD 100MB-FD 1GB-FD AUTO_NEG
     supported:  10MB-HD 10MB-FD 100MB-HD 100MB-FD 1GB-FD COPPER AUTO_NEG
     speed: 1000 Mbps now, 1000 Mbps max
 2(15-patch-int): addr:26:ef:bc:bd:4a:de
     config:     0
     state:      0
     speed: 0 Mbps now, 0 Mbps max
 LOCAL(br15): addr:18:03:73:ed:f0:50
     config:     0
     state:      0
     speed: 0 Mbps now, 0 Mbps max
OFPT_GET_CONFIG_REPLY (xid=0x4): frags=normal miss_send_len=0
10.1.13.14
OFPT_FEATURES_REPLY (xid=0x2): dpid:0000180373ef2f27
n_tables:254, n_buffers:256
capabilities: FLOW_STATS TABLE_STATS PORT_STATS QUEUE_STATS ARP_MATCH_IP
actions: output enqueue set_vlan_vid set_vlan_pcp strip_vlan mod_dl_src mod_dl_dst mod_nw_src mod_nw_dst mod_nw_tos mod_tp_src mod_tp_dst
 1(em3.15): addr:18:03:73:ef:2f:27
     config:     0
     state:      0
     current:    1GB-FD COPPER AUTO_NEG
     advertised: 10MB-HD 10MB-FD 100MB-HD 100MB-FD 1GB-FD AUTO_NEG
     supported:  10MB-HD 10MB-FD 100MB-HD 100MB-FD 1GB-FD COPPER AUTO_NEG
     speed: 1000 Mbps now, 1000 Mbps max
 2(15-patch-int): addr:fa:9d:ff:75:9a:45
     config:     0
     state:      0
     speed: 0 Mbps now, 0 Mbps max
 LOCAL(br15): addr:18:03:73:ef:2f:27
     config:     0
     state:      0
     speed: 0 Mbps now, 0 Mbps max
OFPT_GET_CONFIG_REPLY (xid=0x4): frags=normal miss_send_len=0
10.1.13.251
OFPT_FEATURES_REPLY (xid=0x2): dpid:000014feb5db7876
n_tables:254, n_buffers:256
capabilities: FLOW_STATS TABLE_STATS PORT_STATS QUEUE_STATS ARP_MATCH_IP
actions: output enqueue set_vlan_vid set_vlan_pcp strip_vlan mod_dl_src mod_dl_dst mod_nw_src mod_nw_dst mod_nw_tos mod_tp_src mod_tp_dst
 1(15-patch-int): addr:9a:60:8d:3a:54:31
     config:     0
     state:      0
     speed: 0 Mbps now, 0 Mbps max
 2(em1.15): addr:14:fe:b5:db:78:76
     config:     0
     state:      0
     current:    1GB-FD COPPER AUTO_NEG
     advertised: 10MB-HD 10MB-FD 100MB-HD 100MB-FD 1GB-FD AUTO_NEG
     supported:  10MB-HD 10MB-FD 100MB-HD 100MB-FD 1GB-FD COPPER AUTO_NEG
     speed: 1000 Mbps now, 1000 Mbps max
 3(phy-br15): addr:ea:25:b0:b6:6c:a1
     config:     0
     state:      0
     speed: 0 Mbps now, 0 Mbps max
 LOCAL(br15): addr:14:fe:b5:db:78:76
     config:     0
     state:      0
     speed: 0 Mbps now, 0 Mbps max
OFPT_GET_CONFIG_REPLY (xid=0x4): frags=normal miss_send_len=0
