10.1.13.11
OFPT_FEATURES_REPLY (xid=0x2): dpid:0000180373ef7345
n_tables:254, n_buffers:256
capabilities: FLOW_STATS TABLE_STATS PORT_STATS QUEUE_STATS ARP_MATCH_IP
actions: output enqueue set_vlan_vid set_vlan_pcp strip_vlan mod_dl_src mod_dl_dst mod_nw_src mod_nw_dst mod_nw_tos mod_tp_src mod_tp_dst
 1(em3): addr:18:03:73:ef:73:45
     config:     0
     state:      0
     current:    1GB-FD COPPER AUTO_NEG
     advertised: 10MB-HD 10MB-FD 100MB-HD 100MB-FD 1GB-FD AUTO_NEG
     supported:  10MB-HD 10MB-FD 100MB-HD 100MB-FD 1GB-FD COPPER AUTO_NEG
     speed: 1000 Mbps now, 1000 Mbps max
 2(10-patch-int): addr:da:61:a4:3a:77:68
     config:     0
     state:      0
     speed: 0 Mbps now, 0 Mbps max
 LOCAL(br10): addr:18:03:73:ef:73:45
     config:     0
     state:      0
     speed: 0 Mbps now, 0 Mbps max
OFPT_GET_CONFIG_REPLY (xid=0x4): frags=normal miss_send_len=0
10.1.13.12
OFPT_FEATURES_REPLY (xid=0x2): dpid:000014feb5d49737
n_tables:254, n_buffers:256
capabilities: FLOW_STATS TABLE_STATS PORT_STATS QUEUE_STATS ARP_MATCH_IP
actions: output enqueue set_vlan_vid set_vlan_pcp strip_vlan mod_dl_src mod_dl_dst mod_nw_src mod_nw_dst mod_nw_tos mod_tp_src mod_tp_dst
 1(em3): addr:14:fe:b5:d4:97:37
     config:     0
     state:      0
     current:    1GB-FD COPPER AUTO_NEG
     advertised: 10MB-HD 10MB-FD 100MB-HD 100MB-FD 1GB-FD AUTO_NEG
     supported:  10MB-HD 10MB-FD 100MB-HD 100MB-FD 1GB-FD COPPER AUTO_NEG
     speed: 1000 Mbps now, 1000 Mbps max
 2(10-patch-int): addr:1a:3d:db:d7:c7:a1
     config:     0
     state:      0
     speed: 0 Mbps now, 0 Mbps max
 LOCAL(br10): addr:14:fe:b5:d4:97:37
     config:     0
     state:      0
     speed: 0 Mbps now, 0 Mbps max
OFPT_GET_CONFIG_REPLY (xid=0x4): frags=normal miss_send_len=0
10.1.13.13
OFPT_FEATURES_REPLY (xid=0x2): dpid:0000180373ede950
n_tables:254, n_buffers:256
capabilities: FLOW_STATS TABLE_STATS PORT_STATS QUEUE_STATS ARP_MATCH_IP
actions: output enqueue set_vlan_vid set_vlan_pcp strip_vlan mod_dl_src mod_dl_dst mod_nw_src mod_nw_dst mod_nw_tos mod_tp_src mod_tp_dst
 1(10-patch-int): addr:aa:2c:ee:88:d6:28
     config:     0
     state:      0
     speed: 0 Mbps now, 0 Mbps max
 2(em3): addr:18:03:73:ed:e9:50
     config:     0
     state:      0
     current:    1GB-FD COPPER AUTO_NEG
     advertised: 10MB-HD 10MB-FD 100MB-HD 100MB-FD 1GB-FD AUTO_NEG
     supported:  10MB-HD 10MB-FD 100MB-HD 100MB-FD 1GB-FD COPPER AUTO_NEG
     speed: 1000 Mbps now, 1000 Mbps max
 LOCAL(br10): addr:18:03:73:ed:e9:50
     config:     0
     state:      0
     speed: 0 Mbps now, 0 Mbps max
OFPT_GET_CONFIG_REPLY (xid=0x4): frags=normal miss_send_len=0
10.1.13.14
OFPT_FEATURES_REPLY (xid=0x2): dpid:0000180373ef2e27
n_tables:254, n_buffers:256
capabilities: FLOW_STATS TABLE_STATS PORT_STATS QUEUE_STATS ARP_MATCH_IP
actions: output enqueue set_vlan_vid set_vlan_pcp strip_vlan mod_dl_src mod_dl_dst mod_nw_src mod_nw_dst mod_nw_tos mod_tp_src mod_tp_dst
 1(em3): addr:18:03:73:ef:2e:27
     config:     0
     state:      0
     current:    1GB-FD COPPER AUTO_NEG
     advertised: 10MB-HD 10MB-FD 100MB-HD 100MB-FD 1GB-FD AUTO_NEG
     supported:  10MB-HD 10MB-FD 100MB-HD 100MB-FD 1GB-FD COPPER AUTO_NEG
     speed: 1000 Mbps now, 1000 Mbps max
 2(10-patch-int): addr:ba:b7:1c:95:cc:5f
     config:     0
     state:      0
     speed: 0 Mbps now, 0 Mbps max
 LOCAL(br10): addr:18:03:73:ef:2e:27
     config:     0
     state:      0
     speed: 0 Mbps now, 0 Mbps max
OFPT_GET_CONFIG_REPLY (xid=0x4): frags=normal miss_send_len=0
10.1.13.251
OFPT_FEATURES_REPLY (xid=0x2): dpid:000014feb5db7776
n_tables:254, n_buffers:256
capabilities: FLOW_STATS TABLE_STATS PORT_STATS QUEUE_STATS ARP_MATCH_IP
actions: output enqueue set_vlan_vid set_vlan_pcp strip_vlan mod_dl_src mod_dl_dst mod_nw_src mod_nw_dst mod_nw_tos mod_tp_src mod_tp_dst
 1(em1.10): addr:14:fe:b5:db:77:76
     config:     0
     state:      0
     current:    1GB-FD COPPER AUTO_NEG
     advertised: 10MB-HD 10MB-FD 100MB-HD 100MB-FD 1GB-FD AUTO_NEG
     supported:  10MB-HD 10MB-FD 100MB-HD 100MB-FD 1GB-FD COPPER AUTO_NEG
     speed: 1000 Mbps now, 1000 Mbps max
 16574(10-patch-int): addr:66:5c:12:29:4b:48
     config:     0
     state:      0
     speed: 0 Mbps now, 0 Mbps max
 16575(phy-br10): addr:26:43:8d:9c:12:b3
     config:     0
     state:      0
     speed: 0 Mbps now, 0 Mbps max
 LOCAL(br10): addr:14:fe:b5:db:77:76
     config:     0
     state:      0
     speed: 0 Mbps now, 0 Mbps max
OFPT_GET_CONFIG_REPLY (xid=0x4): frags=normal miss_send_len=0
