10.1.13.11
OFPT_FEATURES_REPLY (xid=0x2): dpid:0000180373ef7545
n_tables:254, n_buffers:256
capabilities: FLOW_STATS TABLE_STATS PORT_STATS QUEUE_STATS ARP_MATCH_IP
actions: output enqueue set_vlan_vid set_vlan_pcp strip_vlan mod_dl_src mod_dl_dst mod_nw_src mod_nw_dst mod_nw_tos mod_tp_src mod_tp_dst
 1(em3.999): addr:18:03:73:ef:75:45
     config:     0
     state:      0
     current:    1GB-FD COPPER AUTO_NEG
     advertised: 10MB-HD 10MB-FD 100MB-HD 100MB-FD 1GB-FD AUTO_NEG
     supported:  10MB-HD 10MB-FD 100MB-HD 100MB-FD 1GB-FD COPPER AUTO_NEG
     speed: 1000 Mbps now, 1000 Mbps max
 2(999-patch-ex): addr:de:61:17:56:c8:65
     config:     0
     state:      0
     speed: 0 Mbps now, 0 Mbps max
 LOCAL(br999): addr:18:03:73:ef:75:45
     config:     0
     state:      0
     speed: 0 Mbps now, 0 Mbps max
OFPT_GET_CONFIG_REPLY (xid=0x4): frags=normal miss_send_len=0
10.1.13.12
OFPT_FEATURES_REPLY (xid=0x2): dpid:000014feb5d49937
n_tables:254, n_buffers:256
capabilities: FLOW_STATS TABLE_STATS PORT_STATS QUEUE_STATS ARP_MATCH_IP
actions: output enqueue set_vlan_vid set_vlan_pcp strip_vlan mod_dl_src mod_dl_dst mod_nw_src mod_nw_dst mod_nw_tos mod_tp_src mod_tp_dst
 1(em3.999): addr:14:fe:b5:d4:99:37
     config:     0
     state:      0
     current:    1GB-FD COPPER AUTO_NEG
     advertised: 10MB-HD 10MB-FD 100MB-HD 100MB-FD 1GB-FD AUTO_NEG
     supported:  10MB-HD 10MB-FD 100MB-HD 100MB-FD 1GB-FD COPPER AUTO_NEG
     speed: 1000 Mbps now, 1000 Mbps max
 2(999-patch-ex): addr:3e:7b:f6:c7:b6:51
     config:     0
     state:      0
     speed: 0 Mbps now, 0 Mbps max
 LOCAL(br999): addr:14:fe:b5:d4:99:37
     config:     0
     state:      0
     speed: 0 Mbps now, 0 Mbps max
OFPT_GET_CONFIG_REPLY (xid=0x4): frags=normal miss_send_len=0
10.1.13.13
OFPT_FEATURES_REPLY (xid=0x2): dpid:0000180373edf150
n_tables:254, n_buffers:256
capabilities: FLOW_STATS TABLE_STATS PORT_STATS QUEUE_STATS ARP_MATCH_IP
actions: output enqueue set_vlan_vid set_vlan_pcp strip_vlan mod_dl_src mod_dl_dst mod_nw_src mod_nw_dst mod_nw_tos mod_tp_src mod_tp_dst
 1(em3.999): addr:18:03:73:ed:f1:50
     config:     0
     state:      0
     current:    1GB-FD COPPER AUTO_NEG
     advertised: 10MB-HD 10MB-FD 100MB-HD 100MB-FD 1GB-FD AUTO_NEG
     supported:  10MB-HD 10MB-FD 100MB-HD 100MB-FD 1GB-FD COPPER AUTO_NEG
     speed: 1000 Mbps now, 1000 Mbps max
 2(999-patch-ex): addr:6e:54:ee:c0:bf:ba
     config:     0
     state:      0
     speed: 0 Mbps now, 0 Mbps max
 LOCAL(br999): addr:18:03:73:ed:f1:50
     config:     0
     state:      0
     speed: 0 Mbps now, 0 Mbps max
OFPT_GET_CONFIG_REPLY (xid=0x4): frags=normal miss_send_len=0
10.1.13.14
OFPT_FEATURES_REPLY (xid=0x2): dpid:0000180373ef3027
n_tables:254, n_buffers:256
capabilities: FLOW_STATS TABLE_STATS PORT_STATS QUEUE_STATS ARP_MATCH_IP
actions: output enqueue set_vlan_vid set_vlan_pcp strip_vlan mod_dl_src mod_dl_dst mod_nw_src mod_nw_dst mod_nw_tos mod_tp_src mod_tp_dst
 1(em3.999): addr:18:03:73:ef:30:27
     config:     0
     state:      0
     current:    1GB-FD COPPER AUTO_NEG
     advertised: 10MB-HD 10MB-FD 100MB-HD 100MB-FD 1GB-FD AUTO_NEG
     supported:  10MB-HD 10MB-FD 100MB-HD 100MB-FD 1GB-FD COPPER AUTO_NEG
     speed: 1000 Mbps now, 1000 Mbps max
 2(999-patch-ex): addr:ba:97:71:14:ba:3b
     config:     0
     state:      0
     speed: 0 Mbps now, 0 Mbps max
 LOCAL(br999): addr:18:03:73:ef:30:27
     config:     0
     state:      0
     speed: 0 Mbps now, 0 Mbps max
OFPT_GET_CONFIG_REPLY (xid=0x4): frags=normal miss_send_len=0
10.1.13.251
OFPT_FEATURES_REPLY (xid=0x2): dpid:000014feb5db7976
n_tables:254, n_buffers:256
capabilities: FLOW_STATS TABLE_STATS PORT_STATS QUEUE_STATS ARP_MATCH_IP
actions: output enqueue set_vlan_vid set_vlan_pcp strip_vlan mod_dl_src mod_dl_dst mod_nw_src mod_nw_dst mod_nw_tos mod_tp_src mod_tp_dst
 1(999-patch-ex): addr:b2:23:3f:ae:77:b4
     config:     0
     state:      0
     speed: 0 Mbps now, 0 Mbps max
 2(em1.999): addr:14:fe:b5:db:79:76
     config:     0
     state:      0
     current:    1GB-FD COPPER AUTO_NEG
     advertised: 10MB-HD 10MB-FD 100MB-HD 100MB-FD 1GB-FD AUTO_NEG
     supported:  10MB-HD 10MB-FD 100MB-HD 100MB-FD 1GB-FD COPPER AUTO_NEG
     speed: 1000 Mbps now, 1000 Mbps max
 3(phy-br999): addr:6a:8c:eb:22:bb:1e
     config:     0
     state:      0
     speed: 0 Mbps now, 0 Mbps max
 LOCAL(br999): addr:14:fe:b5:db:79:76
     config:     0
     state:      0
     speed: 0 Mbps now, 0 Mbps max
OFPT_GET_CONFIG_REPLY (xid=0x4): frags=normal miss_send_len=0
