10.1.13.11
OFPT_FEATURES_REPLY (xid=0x2): dpid:000032b32fcac042
n_tables:254, n_buffers:256
capabilities: FLOW_STATS TABLE_STATS PORT_STATS QUEUE_STATS ARP_MATCH_IP
actions: output enqueue set_vlan_vid set_vlan_pcp strip_vlan mod_dl_src mod_dl_dst mod_nw_src mod_nw_dst mod_nw_tos mod_tp_src mod_tp_dst
 1(patch-int): addr:4a:ea:0c:33:0b:30
     config:     0
     state:      0
     speed: 0 Mbps now, 0 Mbps max
 3(gre-0a010ad6): addr:a6:b3:42:5c:7e:c1
     config:     0
     state:      0
     speed: 0 Mbps now, 0 Mbps max
 4(vxlan-0a010ad6): addr:a6:1f:ef:d9:a8:f7
     config:     0
     state:      0
     speed: 0 Mbps now, 0 Mbps max
 6(gre-0a010ad5): addr:e2:26:5e:70:e2:88
     config:     0
     state:      0
     speed: 0 Mbps now, 0 Mbps max
 10(gre-0a010dfb): addr:fe:2f:fb:87:7c:41
     config:     0
     state:      0
     speed: 0 Mbps now, 0 Mbps max
 11(vxlan-0a010dfb): addr:ba:f8:06:3a:72:8c
     config:     0
     state:      0
     speed: 0 Mbps now, 0 Mbps max
 12(gre-0a010d0e): addr:7a:86:ae:3c:0a:b9
     config:     0
     state:      0
     speed: 0 Mbps now, 0 Mbps max
 13(gre-0a010d0d): addr:0a:3c:55:d1:60:ab
     config:     0
     state:      0
     speed: 0 Mbps now, 0 Mbps max
 14(vxlan-0a010d0e): addr:52:0a:a1:45:e6:5c
     config:     0
     state:      0
     speed: 0 Mbps now, 0 Mbps max
 15(gre-0a010d0c): addr:b6:74:68:79:69:66
     config:     0
     state:      0
     speed: 0 Mbps now, 0 Mbps max
 16(vxlan-0a010d0d): addr:e2:88:c9:f5:88:fb
     config:     0
     state:      0
     speed: 0 Mbps now, 0 Mbps max
 17(vxlan-0a010d0c): addr:fe:52:21:43:61:6e
     config:     0
     state:      0
     speed: 0 Mbps now, 0 Mbps max
 LOCAL(br-tun): addr:32:b3:2f:ca:c0:42
     config:     PORT_DOWN
     state:      LINK_DOWN
     speed: 0 Mbps now, 0 Mbps max
OFPT_GET_CONFIG_REPLY (xid=0x4): frags=normal miss_send_len=0
10.1.13.12
OFPT_FEATURES_REPLY (xid=0x2): dpid:0000c60bd8571543
n_tables:254, n_buffers:256
capabilities: FLOW_STATS TABLE_STATS PORT_STATS QUEUE_STATS ARP_MATCH_IP
actions: output enqueue set_vlan_vid set_vlan_pcp strip_vlan mod_dl_src mod_dl_dst mod_nw_src mod_nw_dst mod_nw_tos mod_tp_src mod_tp_dst
 1(patch-int): addr:16:00:d4:ce:dd:08
     config:     0
     state:      0
     speed: 0 Mbps now, 0 Mbps max
 3(gre-0a010ad3): addr:3e:db:d5:f9:e4:16
     config:     0
     state:      0
     speed: 0 Mbps now, 0 Mbps max
 4(gre-0a010ad5): addr:4e:e1:87:6d:98:7a
     config:     0
     state:      0
     speed: 0 Mbps now, 0 Mbps max
 5(gre-0a010ad6): addr:6a:0e:f0:f7:d5:bb
     config:     0
     state:      0
     speed: 0 Mbps now, 0 Mbps max
 6(vxlan-0a010ad3): addr:72:64:f5:a7:4c:78
     config:     0
     state:      0
     speed: 0 Mbps now, 0 Mbps max
 7(vxlan-0a010ad5): addr:aa:4c:ed:3a:94:a7
     config:     0
     state:      0
     speed: 0 Mbps now, 0 Mbps max
 8(vxlan-0a010ad6): addr:ba:6d:93:97:cb:25
     config:     0
     state:      0
     speed: 0 Mbps now, 0 Mbps max
 10(gre-0a010dfb): addr:f6:90:1f:3a:55:ca
     config:     0
     state:      0
     speed: 0 Mbps now, 0 Mbps max
 11(vxlan-0a010dfb): addr:b6:24:d7:ce:14:83
     config:     0
     state:      0
     speed: 0 Mbps now, 0 Mbps max
 12(gre-0a010d0b): addr:06:0f:03:ee:74:f6
     config:     0
     state:      0
     speed: 0 Mbps now, 0 Mbps max
 13(gre-0a010d0d): addr:6a:3b:14:9a:54:8f
     config:     0
     state:      0
     speed: 0 Mbps now, 0 Mbps max
 14(vxlan-0a010d0b): addr:a2:bf:c5:05:99:11
     config:     0
     state:      0
     speed: 0 Mbps now, 0 Mbps max
 15(gre-0a010d0e): addr:9a:a1:00:f8:e3:67
     config:     0
     state:      0
     speed: 0 Mbps now, 0 Mbps max
 16(vxlan-0a010d0d): addr:ba:cc:73:98:69:55
     config:     0
     state:      0
     speed: 0 Mbps now, 0 Mbps max
 17(vxlan-0a010d0e): addr:16:eb:44:8f:a5:62
     config:     0
     state:      0
     speed: 0 Mbps now, 0 Mbps max
 LOCAL(br-tun): addr:c6:0b:d8:57:15:43
     config:     PORT_DOWN
     state:      LINK_DOWN
     speed: 0 Mbps now, 0 Mbps max
OFPT_GET_CONFIG_REPLY (xid=0x4): frags=normal miss_send_len=0
10.1.13.13
OFPT_FEATURES_REPLY (xid=0x2): dpid:0000aaf787599b48
n_tables:254, n_buffers:256
capabilities: FLOW_STATS TABLE_STATS PORT_STATS QUEUE_STATS ARP_MATCH_IP
actions: output enqueue set_vlan_vid set_vlan_pcp strip_vlan mod_dl_src mod_dl_dst mod_nw_src mod_nw_dst mod_nw_tos mod_tp_src mod_tp_dst
 1(patch-int): addr:82:0b:3d:96:a4:54
     config:     0
     state:      0
     speed: 0 Mbps now, 0 Mbps max
 3(gre-0a010ad3): addr:4a:41:8d:d1:fb:ee
     config:     0
     state:      0
     speed: 0 Mbps now, 0 Mbps max
 4(gre-0a010ad6): addr:b2:82:54:08:d3:58
     config:     0
     state:      0
     speed: 0 Mbps now, 0 Mbps max
 5(vxlan-0a010ad3): addr:3e:05:79:bd:b3:b1
     config:     0
     state:      0
     speed: 0 Mbps now, 0 Mbps max
 6(vxlan-0a010ad6): addr:c2:37:f5:e9:e5:78
     config:     0
     state:      0
     speed: 0 Mbps now, 0 Mbps max
 10(gre-0a010dfb): addr:36:b6:d9:b0:7a:f2
     config:     0
     state:      0
     speed: 0 Mbps now, 0 Mbps max
 11(vxlan-0a010dfb): addr:62:5d:55:11:9c:03
     config:     0
     state:      0
     speed: 0 Mbps now, 0 Mbps max
 12(gre-0a010d0b): addr:ae:ef:b5:7e:ef:af
     config:     0
     state:      0
     speed: 0 Mbps now, 0 Mbps max
 13(gre-0a010d0e): addr:b2:fa:60:c2:28:71
     config:     0
     state:      0
     speed: 0 Mbps now, 0 Mbps max
 14(vxlan-0a010d0b): addr:e6:e6:54:b7:01:37
     config:     0
     state:      0
     speed: 0 Mbps now, 0 Mbps max
 15(gre-0a010d0c): addr:22:19:77:ef:4a:9e
     config:     0
     state:      0
     speed: 0 Mbps now, 0 Mbps max
 16(vxlan-0a010d0e): addr:1a:96:af:7c:8d:94
     config:     0
     state:      0
     speed: 0 Mbps now, 0 Mbps max
 17(vxlan-0a010d0c): addr:f2:45:15:29:85:a1
     config:     0
     state:      0
     speed: 0 Mbps now, 0 Mbps max
 LOCAL(br-tun): addr:aa:f7:87:59:9b:48
     config:     PORT_DOWN
     state:      LINK_DOWN
     speed: 0 Mbps now, 0 Mbps max
OFPT_GET_CONFIG_REPLY (xid=0x4): frags=normal miss_send_len=0
10.1.13.14
OFPT_FEATURES_REPLY (xid=0x2): dpid:000082012547fc4b
n_tables:254, n_buffers:256
capabilities: FLOW_STATS TABLE_STATS PORT_STATS QUEUE_STATS ARP_MATCH_IP
actions: output enqueue set_vlan_vid set_vlan_pcp strip_vlan mod_dl_src mod_dl_dst mod_nw_src mod_nw_dst mod_nw_tos mod_tp_src mod_tp_dst
 1(patch-int): addr:26:dd:21:9e:45:93
     config:     0
     state:      0
     speed: 0 Mbps now, 0 Mbps max
 10(gre-0a010dfb): addr:16:6d:2a:79:71:3d
     config:     0
     state:      0
     speed: 0 Mbps now, 0 Mbps max
 11(vxlan-0a010dfb): addr:6a:f0:f6:84:d6:1f
     config:     0
     state:      0
     speed: 0 Mbps now, 0 Mbps max
 12(gre-0a010d0b): addr:6a:01:f1:df:67:8e
     config:     0
     state:      0
     speed: 0 Mbps now, 0 Mbps max
 13(gre-0a010d0d): addr:3e:5b:61:01:fe:29
     config:     0
     state:      0
     speed: 0 Mbps now, 0 Mbps max
 14(vxlan-0a010d0b): addr:7e:aa:47:39:1b:a3
     config:     0
     state:      0
     speed: 0 Mbps now, 0 Mbps max
 15(gre-0a010d0c): addr:3a:1a:14:e2:b1:78
     config:     0
     state:      0
     speed: 0 Mbps now, 0 Mbps max
 16(vxlan-0a010d0d): addr:76:98:60:3f:40:a6
     config:     0
     state:      0
     speed: 0 Mbps now, 0 Mbps max
 17(vxlan-0a010d0c): addr:e2:9b:7f:e5:c1:8c
     config:     0
     state:      0
     speed: 0 Mbps now, 0 Mbps max
 LOCAL(br-tun): addr:82:01:25:47:fc:4b
     config:     PORT_DOWN
     state:      LINK_DOWN
     speed: 0 Mbps now, 0 Mbps max
OFPT_GET_CONFIG_REPLY (xid=0x4): frags=normal miss_send_len=0
10.1.13.251
OFPT_FEATURES_REPLY (xid=0x2): dpid:0000ba608863d64a
n_tables:254, n_buffers:256
capabilities: FLOW_STATS TABLE_STATS PORT_STATS QUEUE_STATS ARP_MATCH_IP
actions: output enqueue set_vlan_vid set_vlan_pcp strip_vlan mod_dl_src mod_dl_dst mod_nw_src mod_nw_dst mod_nw_tos mod_tp_src mod_tp_dst
 1(patch-int): addr:1e:f1:19:61:80:ae
     config:     0
     state:      0
     speed: 0 Mbps now, 0 Mbps max
 10(gre-0a010d0e): addr:fa:b5:5d:be:ca:e0
     config:     0
     state:      0
     speed: 0 Mbps now, 0 Mbps max
 11(vxlan-0a010d0e): addr:52:08:23:42:06:61
     config:     0
     state:      0
     speed: 0 Mbps now, 0 Mbps max
 12(gre-0a010d0b): addr:aa:5f:d2:a2:5b:4c
     config:     0
     state:      0
     speed: 0 Mbps now, 0 Mbps max
 13(gre-0a010d0d): addr:8e:d2:16:0b:ee:5f
     config:     0
     state:      0
     speed: 0 Mbps now, 0 Mbps max
 14(vxlan-0a010d0b): addr:56:e4:df:73:5d:3c
     config:     0
     state:      0
     speed: 0 Mbps now, 0 Mbps max
 15(gre-0a010d0c): addr:a2:e6:52:ee:a2:63
     config:     0
     state:      0
     speed: 0 Mbps now, 0 Mbps max
 16(vxlan-0a010d0d): addr:f2:86:7a:1f:01:e5
     config:     0
     state:      0
     speed: 0 Mbps now, 0 Mbps max
 17(vxlan-0a010d0c): addr:26:eb:28:b3:42:bc
     config:     0
     state:      0
     speed: 0 Mbps now, 0 Mbps max
 LOCAL(br-tun): addr:ba:60:88:63:d6:4a
     config:     PORT_DOWN
     state:      LINK_DOWN
     speed: 0 Mbps now, 0 Mbps max
OFPT_GET_CONFIG_REPLY (xid=0x4): frags=normal miss_send_len=0
