2016-08-17 19:20:41.916 1887 INFO neutron.common.config [-] Logging enabled!
2016-08-17 19:20:41.916 1887 INFO neutron.common.config [-] /usr/bin/neutron-ovs-cleanup version 8.1.2
2016-08-17 19:20:42.005 1887 INFO oslo_rootwrap.client [-] Spawned new rootwrap daemon process with pid=2053
2016-08-17 19:20:42.029 1887 INFO neutron.cmd.ovs_cleanup [-] Cleaning bridge: br-int
2016-08-17 19:20:42.039 1887 INFO neutron.cmd.ovs_cleanup [-] OVS cleanup completed successfully
2016-08-17 19:20:42.041 1887 INFO oslo_rootwrap.client [-] Stopping rootwrap daemon process with pid=2053
2016-08-18 10:27:32.421 2660 INFO neutron.common.config [-] Logging enabled!
2016-08-18 10:27:32.421 2660 INFO neutron.common.config [-] /usr/bin/neutron-ovs-cleanup version 8.1.2
2016-08-18 10:27:32.491 2660 INFO oslo_rootwrap.client [-] Spawned new rootwrap daemon process with pid=2681
2016-08-18 10:27:32.517 2660 INFO neutron.cmd.ovs_cleanup [-] Cleaning bridge: br-int
2016-08-18 10:27:32.528 2660 INFO neutron.cmd.ovs_cleanup [-] OVS cleanup completed successfully
2016-08-18 10:27:32.530 2660 INFO oslo_rootwrap.client [-] Stopping rootwrap daemon process with pid=2681
2016-08-18 10:30:50.447 2137 INFO neutron.common.config [-] Logging enabled!
2016-08-18 10:30:50.448 2137 INFO neutron.common.config [-] /usr/bin/neutron-ovs-cleanup version 8.1.2
2016-08-18 10:30:50.537 2137 INFO oslo_rootwrap.client [-] Spawned new rootwrap daemon process with pid=2245
2016-08-18 10:30:50.561 2137 INFO neutron.cmd.ovs_cleanup [-] Cleaning bridge: br-int
2016-08-18 10:30:50.573 2137 INFO neutron.cmd.ovs_cleanup [-] OVS cleanup completed successfully
2016-08-18 10:30:50.574 2137 INFO oslo_rootwrap.client [-] Stopping rootwrap daemon process with pid=2245
2016-08-18 20:07:06.767 12873 INFO neutron.common.config [-] Logging enabled!
2016-08-18 20:07:06.767 12873 INFO neutron.common.config [-] /usr/bin/neutron-ovs-cleanup version 8.1.2
2016-08-18 20:07:06.836 12873 INFO oslo_rootwrap.client [-] Spawned new rootwrap daemon process with pid=12930
2016-08-18 20:07:06.862 12873 INFO neutron.cmd.ovs_cleanup [-] Cleaning bridge: br-int
2016-08-18 20:07:06.873 12873 INFO neutron.cmd.ovs_cleanup [-] OVS cleanup completed successfully
2016-08-18 20:07:06.875 12873 INFO oslo_rootwrap.client [-] Stopping rootwrap daemon process with pid=12930
2016-08-18 20:10:23.568 2050 INFO neutron.common.config [-] Logging enabled!
2016-08-18 20:10:23.568 2050 INFO neutron.common.config [-] /usr/bin/neutron-ovs-cleanup version 8.1.2
2016-08-18 20:10:23.649 2050 INFO oslo_rootwrap.client [-] Spawned new rootwrap daemon process with pid=3242
2016-08-18 20:10:23.672 2050 INFO neutron.cmd.ovs_cleanup [-] Cleaning bridge: br-int
2016-08-18 20:10:23.683 2050 INFO neutron.cmd.ovs_cleanup [-] OVS cleanup completed successfully
2016-08-18 20:10:23.685 2050 INFO oslo_rootwrap.client [-] Stopping rootwrap daemon process with pid=3242
2016-08-19 10:09:07.178 24505 INFO neutron.common.config [-] Logging enabled!
2016-08-19 10:09:07.178 24505 INFO neutron.common.config [-] /usr/bin/neutron-ovs-cleanup version 8.1.2
2016-08-19 10:09:07.250 24505 INFO oslo_rootwrap.client [-] Spawned new rootwrap daemon process with pid=24520
2016-08-19 10:09:07.277 24505 INFO neutron.cmd.ovs_cleanup [-] Cleaning bridge: br-int
2016-08-19 10:09:07.288 24505 INFO neutron.cmd.ovs_cleanup [-] OVS cleanup completed successfully
2016-08-19 10:09:07.290 24505 INFO oslo_rootwrap.client [-] Stopping rootwrap daemon process with pid=24520
2016-08-19 10:12:07.041 1902 INFO neutron.common.config [-] Logging enabled!
2016-08-19 10:12:07.042 1902 INFO neutron.common.config [-] /usr/bin/neutron-ovs-cleanup version 8.1.2
2016-08-19 10:12:07.133 1902 INFO oslo_rootwrap.client [-] Spawned new rootwrap daemon process with pid=3275
2016-08-19 10:12:07.157 1902 INFO neutron.cmd.ovs_cleanup [-] Cleaning bridge: br-int
2016-08-19 10:12:07.168 1902 INFO neutron.cmd.ovs_cleanup [-] OVS cleanup completed successfully
2016-08-19 10:12:07.170 1902 INFO oslo_rootwrap.client [-] Stopping rootwrap daemon process with pid=3275
2016-08-19 10:22:30.490 13092 INFO neutron.common.config [-] Logging enabled!
2016-08-19 10:22:30.491 13092 INFO neutron.common.config [-] /usr/bin/neutron-ovs-cleanup version 8.1.2
2016-08-19 10:22:30.560 13092 INFO oslo_rootwrap.client [-] Spawned new rootwrap daemon process with pid=13108
2016-08-19 10:22:30.587 13092 INFO neutron.cmd.ovs_cleanup [-] Cleaning bridge: br-int
2016-08-19 10:22:30.599 13092 INFO neutron.cmd.ovs_cleanup [-] OVS cleanup completed successfully
2016-08-19 10:22:30.600 13092 INFO oslo_rootwrap.client [-] Stopping rootwrap daemon process with pid=13108
2016-08-19 10:28:10.693 1930 INFO neutron.common.config [-] Logging enabled!
2016-08-19 10:28:10.694 1930 INFO neutron.common.config [-] /usr/bin/neutron-ovs-cleanup version 8.1.2
2016-08-19 10:28:10.783 1930 INFO oslo_rootwrap.client [-] Spawned new rootwrap daemon process with pid=3162
2016-08-19 10:28:10.806 1930 INFO neutron.cmd.ovs_cleanup [-] Cleaning bridge: br-int
2016-08-19 10:28:10.816 1930 INFO neutron.cmd.ovs_cleanup [-] OVS cleanup completed successfully
2016-08-19 10:28:10.818 1930 INFO oslo_rootwrap.client [-] Stopping rootwrap daemon process with pid=3162
2016-08-19 11:04:23.676 8652 INFO neutron.common.config [-] Logging enabled!
2016-08-19 11:04:23.677 8652 INFO neutron.common.config [-] /usr/bin/neutron-ovs-cleanup version 8.1.2
2016-08-19 11:04:23.747 8652 INFO oslo_rootwrap.client [-] Spawned new rootwrap daemon process with pid=8665
2016-08-19 11:04:23.773 8652 INFO neutron.cmd.ovs_cleanup [-] Cleaning bridge: br-int
2016-08-19 11:04:23.785 8652 INFO neutron.cmd.ovs_cleanup [-] OVS cleanup completed successfully
2016-08-19 11:04:23.787 8652 INFO oslo_rootwrap.client [-] Stopping rootwrap daemon process with pid=8665
2016-08-19 11:10:04.102 2146 INFO neutron.common.config [-] Logging enabled!
2016-08-19 11:10:04.103 2146 INFO neutron.common.config [-] /usr/bin/neutron-ovs-cleanup version 8.1.2
2016-08-19 11:10:04.194 2146 INFO oslo_rootwrap.client [-] Spawned new rootwrap daemon process with pid=3429
2016-08-19 11:10:04.220 2146 INFO neutron.cmd.ovs_cleanup [-] Cleaning bridge: br-int
2016-08-19 11:10:04.232 2146 INFO neutron.cmd.ovs_cleanup [-] OVS cleanup completed successfully
2016-08-19 11:10:04.233 2146 INFO oslo_rootwrap.client [-] Stopping rootwrap daemon process with pid=3429
2016-08-19 12:38:56.182 19532 INFO neutron.common.config [-] Logging enabled!
2016-08-19 12:38:56.182 19532 INFO neutron.common.config [-] /usr/bin/neutron-ovs-cleanup version 8.1.2
2016-08-19 12:38:56.253 19532 INFO oslo_rootwrap.client [-] Spawned new rootwrap daemon process with pid=19548
2016-08-19 12:38:56.280 19532 INFO neutron.cmd.ovs_cleanup [-] Cleaning bridge: br-int
2016-08-19 12:38:56.291 19532 INFO neutron.cmd.ovs_cleanup [-] OVS cleanup completed successfully
2016-08-19 12:38:56.292 19532 INFO oslo_rootwrap.client [-] Stopping rootwrap daemon process with pid=19548
2016-08-19 12:42:16.798 2386 INFO neutron.common.config [-] Logging enabled!
2016-08-19 12:42:16.799 2386 INFO neutron.common.config [-] /usr/bin/neutron-ovs-cleanup version 8.1.2
2016-08-19 12:42:16.890 2386 INFO oslo_rootwrap.client [-] Spawned new rootwrap daemon process with pid=3662
2016-08-19 12:42:16.918 2386 INFO neutron.cmd.ovs_cleanup [-] Cleaning bridge: br-int
2016-08-19 12:42:16.930 2386 INFO neutron.cmd.ovs_cleanup [-] OVS cleanup completed successfully
2016-08-19 12:42:16.932 2386 INFO oslo_rootwrap.client [-] Stopping rootwrap daemon process with pid=3662
2016-08-19 13:16:04.844 8424 INFO neutron.common.config [-] Logging enabled!
2016-08-19 13:16:04.845 8424 INFO neutron.common.config [-] /usr/bin/neutron-ovs-cleanup version 8.1.2
2016-08-19 13:16:04.915 8424 INFO oslo_rootwrap.client [-] Spawned new rootwrap daemon process with pid=8433
2016-08-19 13:16:04.943 8424 INFO neutron.cmd.ovs_cleanup [-] Cleaning bridge: br-int
2016-08-19 13:16:04.955 8424 INFO neutron.cmd.ovs_cleanup [-] OVS cleanup completed successfully
2016-08-19 13:16:04.957 8424 INFO oslo_rootwrap.client [-] Stopping rootwrap daemon process with pid=8433
2016-08-19 13:19:25.077 2512 INFO neutron.common.config [-] Logging enabled!
2016-08-19 13:19:25.077 2512 INFO neutron.common.config [-] /usr/bin/neutron-ovs-cleanup version 8.1.2
2016-08-19 13:19:25.208 2512 INFO oslo_rootwrap.client [-] Spawned new rootwrap daemon process with pid=3743
2016-08-19 13:19:25.235 2512 INFO neutron.cmd.ovs_cleanup [-] Cleaning bridge: br-int
2016-08-19 13:19:25.246 2512 INFO neutron.cmd.ovs_cleanup [-] OVS cleanup completed successfully
2016-08-19 13:19:25.248 2512 INFO oslo_rootwrap.client [-] Stopping rootwrap daemon process with pid=3743
2016-08-23 03:31:38.785 7830 INFO neutron.common.config [-] Logging enabled!
2016-08-23 03:31:38.786 7830 INFO neutron.common.config [-] /usr/bin/neutron-ovs-cleanup version 8.1.2
2016-08-23 03:31:38.855 7830 INFO oslo_rootwrap.client [-] Spawned new rootwrap daemon process with pid=7839
2016-08-23 03:31:38.881 7830 INFO neutron.cmd.ovs_cleanup [-] Cleaning bridge: br-int
2016-08-23 03:31:38.892 7830 INFO neutron.cmd.ovs_cleanup [-] OVS cleanup completed successfully
2016-08-23 03:31:38.894 7830 INFO oslo_rootwrap.client [-] Stopping rootwrap daemon process with pid=7839
2016-08-23 03:34:39.113 2359 INFO neutron.common.config [-] Logging enabled!
2016-08-23 03:34:39.114 2359 INFO neutron.common.config [-] /usr/bin/neutron-ovs-cleanup version 8.1.2
2016-08-23 03:34:39.197 2359 INFO oslo_rootwrap.client [-] Spawned new rootwrap daemon process with pid=3594
2016-08-23 03:34:39.224 2359 INFO neutron.cmd.ovs_cleanup [-] Cleaning bridge: br-int
2016-08-23 03:34:39.236 2359 INFO neutron.cmd.ovs_cleanup [-] OVS cleanup completed successfully
2016-08-23 03:34:39.238 2359 INFO oslo_rootwrap.client [-] Stopping rootwrap daemon process with pid=3594
2016-08-25 02:42:32.556 22266 INFO neutron.common.config [-] Logging enabled!
2016-08-25 02:42:32.556 22266 INFO neutron.common.config [-] /usr/bin/neutron-ovs-cleanup version 8.1.2
2016-08-25 02:42:32.635 22266 INFO oslo_rootwrap.client [-] Spawned new rootwrap daemon process with pid=22282
2016-08-25 02:42:32.664 22266 INFO neutron.cmd.ovs_cleanup [-] Cleaning bridge: br-int
2016-08-25 02:42:32.676 22266 INFO neutron.cmd.ovs_cleanup [-] OVS cleanup completed successfully
2016-08-25 02:42:32.678 22266 INFO oslo_rootwrap.client [-] Stopping rootwrap daemon process with pid=22282
2016-08-25 02:50:24.246 25092 INFO neutron.common.config [-] Logging enabled!
2016-08-25 02:50:24.246 25092 INFO neutron.common.config [-] /usr/bin/neutron-ovs-cleanup version 8.1.2
2016-08-25 02:50:24.327 25092 INFO oslo_rootwrap.client [-] Spawned new rootwrap daemon process with pid=26486
2016-08-25 02:50:24.354 25092 INFO neutron.cmd.ovs_cleanup [-] Cleaning bridge: br-int
2016-08-25 02:50:24.365 25092 INFO neutron.cmd.ovs_cleanup [-] OVS cleanup completed successfully
2016-08-25 02:50:24.367 25092 INFO oslo_rootwrap.client [-] Stopping rootwrap daemon process with pid=26486
2016-08-25 11:43:23.981 22212 INFO neutron.common.config [-] Logging enabled!
2016-08-25 11:43:23.982 22212 INFO neutron.common.config [-] /usr/bin/neutron-ovs-cleanup version 8.1.2
2016-08-25 11:43:24.053 22212 INFO oslo_rootwrap.client [-] Spawned new rootwrap daemon process with pid=22221
2016-08-25 11:43:24.081 22212 INFO neutron.cmd.ovs_cleanup [-] Cleaning bridge: br-int
2016-08-25 11:43:24.093 22212 INFO neutron.cmd.ovs_cleanup [-] OVS cleanup completed successfully
2016-08-25 11:43:24.095 22212 INFO oslo_rootwrap.client [-] Stopping rootwrap daemon process with pid=22221
2016-08-25 11:46:27.782 2359 INFO neutron.common.config [-] Logging enabled!
2016-08-25 11:46:27.782 2359 INFO neutron.common.config [-] /usr/bin/neutron-ovs-cleanup version 8.1.2
2016-08-25 11:46:27.871 2359 INFO oslo_rootwrap.client [-] Spawned new rootwrap daemon process with pid=3636
2016-08-25 11:46:27.898 2359 INFO neutron.cmd.ovs_cleanup [-] Cleaning bridge: br-int
2016-08-25 11:46:27.910 2359 INFO neutron.cmd.ovs_cleanup [-] OVS cleanup completed successfully
2016-08-25 11:46:27.912 2359 INFO oslo_rootwrap.client [-] Stopping rootwrap daemon process with pid=3636
