2016-08-27 08:36:16.836 11970 INFO neutron.common.config [-] Logging enabled!
2016-08-27 08:36:16.836 11970 INFO neutron.common.config [-] /usr/bin/neutron-ovs-cleanup version 8.1.2
2016-08-27 08:36:16.836 11970 DEBUG neutron.common.config [-] command line: /usr/bin/neutron-ovs-cleanup --config-file /usr/share/neutron/neutron-dist.conf --config-file /etc/neutron/neutron.conf --config-file /etc/neutron/plugins/ml2/openvswitch_agent.ini --config-dir /etc/neutron/conf.d/common --config-dir /etc/neutron/conf.d/neutron-ovs-cleanup --log-file /var/log/neutron/ovs-cleanup.log setup_logging /usr/lib/python2.7/site-packages/neutron/common/config.py:272
2016-08-27 08:36:16.837 11970 DEBUG neutron.agent.linux.utils [-] Running command (rootwrap daemon): ['ovs-vsctl', '--timeout=10', '--oneline', '--format=json', '--', 'list-br'] execute_rootwrap_daemon /usr/lib/python2.7/site-packages/neutron/agent/linux/utils.py:100
2016-08-27 08:36:16.841 11970 DEBUG oslo_rootwrap.client [-] Popen for ['sudo', 'neutron-rootwrap-daemon', '/etc/neutron/rootwrap.conf'] command has been instantiated _initialize /usr/lib/python2.7/site-packages/oslo_rootwrap/client.py:67
2016-08-27 08:36:16.929 11970 INFO oslo_rootwrap.client [-] Spawned new rootwrap daemon process with pid=12007
2016-08-27 08:36:16.944 11970 DEBUG neutron.agent.linux.utils [-] Exit code: 0 execute /usr/lib/python2.7/site-packages/neutron/agent/linux/utils.py:142
2016-08-27 08:36:16.946 11970 DEBUG neutron.agent.linux.utils [-] Running command (rootwrap daemon): ['ovs-vsctl', '--timeout=10', '--oneline', '--format=json', '--', 'list-ports', 'br-int'] execute_rootwrap_daemon /usr/lib/python2.7/site-packages/neutron/agent/linux/utils.py:100
2016-08-27 08:36:16.952 11970 DEBUG neutron.agent.linux.utils [-] Exit code: 0 execute /usr/lib/python2.7/site-packages/neutron/agent/linux/utils.py:142
2016-08-27 08:36:16.953 11970 DEBUG neutron.agent.linux.utils [-] Running command (rootwrap daemon): ['ovs-vsctl', '--timeout=10', '--oneline', '--format=json', '--', '--if-exists', '--columns=name,external_ids,ofport', 'list', 'Interface', 'patch-tun', 'qg-418c3447-44', 'qg-5f65e91a-46', 'qg-ee717d51-ca', 'qr-2e88e15b-da', 'tap6aff0e32-d5'] execute_rootwrap_daemon /usr/lib/python2.7/site-packages/neutron/agent/linux/utils.py:100
2016-08-27 08:36:16.958 11970 DEBUG neutron.agent.linux.utils [-] Exit code: 0 execute /usr/lib/python2.7/site-packages/neutron/agent/linux/utils.py:142
2016-08-27 08:36:16.959 11970 DEBUG neutron.agent.linux.utils [-] Running command (rootwrap daemon): ['ovs-vsctl', '--timeout=10', '--oneline', '--format=json', '--', 'list-ports', 'br-ex'] execute_rootwrap_daemon /usr/lib/python2.7/site-packages/neutron/agent/linux/utils.py:100
2016-08-27 08:36:16.965 11970 DEBUG neutron.agent.linux.utils [-] Exit code: 0 execute /usr/lib/python2.7/site-packages/neutron/agent/linux/utils.py:142
2016-08-27 08:36:16.965 11970 INFO neutron.cmd.ovs_cleanup [-] Cleaning bridge: br-int
2016-08-27 08:36:16.965 11970 DEBUG neutron.agent.linux.utils [-] Running command (rootwrap daemon): ['ovs-vsctl', '--timeout=10', '--oneline', '--format=json', '--', 'list-ports', 'br-int'] execute_rootwrap_daemon /usr/lib/python2.7/site-packages/neutron/agent/linux/utils.py:100
2016-08-27 08:36:16.971 11970 DEBUG neutron.agent.linux.utils [-] Exit code: 0 execute /usr/lib/python2.7/site-packages/neutron/agent/linux/utils.py:142
2016-08-27 08:36:16.972 11970 DEBUG neutron.agent.linux.utils [-] Running command (rootwrap daemon): ['ovs-vsctl', '--timeout=10', '--oneline', '--format=json', '--', '--if-exists', '--columns=name,external_ids,ofport', 'list', 'Interface', 'patch-tun', 'qg-418c3447-44', 'qg-5f65e91a-46', 'qg-ee717d51-ca', 'qr-2e88e15b-da', 'tap6aff0e32-d5'] execute_rootwrap_daemon /usr/lib/python2.7/site-packages/neutron/agent/linux/utils.py:100
2016-08-27 08:36:16.977 11970 DEBUG neutron.agent.linux.utils [-] Exit code: 0 execute /usr/lib/python2.7/site-packages/neutron/agent/linux/utils.py:142
2016-08-27 08:36:16.978 11970 DEBUG neutron.agent.linux.utils [-] Running command (rootwrap daemon): ['ovs-vsctl', '--timeout=10', '--oneline', '--format=json', '--', '--if-exists', 'del-port', 'br-int', 'qg-418c3447-44'] execute_rootwrap_daemon /usr/lib/python2.7/site-packages/neutron/agent/linux/utils.py:100
2016-08-27 08:36:17.001 11970 DEBUG neutron.agent.linux.utils [-] Exit code: 0 execute /usr/lib/python2.7/site-packages/neutron/agent/linux/utils.py:142
2016-08-27 08:36:17.001 11970 DEBUG neutron.agent.linux.utils [-] Running command (rootwrap daemon): ['ovs-vsctl', '--timeout=10', '--oneline', '--format=json', '--', '--if-exists', 'del-port', 'br-int', 'qg-5f65e91a-46'] execute_rootwrap_daemon /usr/lib/python2.7/site-packages/neutron/agent/linux/utils.py:100
2016-08-27 08:36:17.025 11970 DEBUG neutron.agent.linux.utils [-] Exit code: 0 execute /usr/lib/python2.7/site-packages/neutron/agent/linux/utils.py:142
2016-08-27 08:36:17.025 11970 DEBUG neutron.agent.linux.utils [-] Running command (rootwrap daemon): ['ovs-vsctl', '--timeout=10', '--oneline', '--format=json', '--', '--if-exists', 'del-port', 'br-int', 'qg-ee717d51-ca'] execute_rootwrap_daemon /usr/lib/python2.7/site-packages/neutron/agent/linux/utils.py:100
2016-08-27 08:36:17.055 11970 DEBUG neutron.agent.linux.utils [-] Exit code: 0 execute /usr/lib/python2.7/site-packages/neutron/agent/linux/utils.py:142
2016-08-27 08:36:17.055 11970 DEBUG neutron.agent.linux.utils [-] Running command (rootwrap daemon): ['ovs-vsctl', '--timeout=10', '--oneline', '--format=json', '--', '--if-exists', 'del-port', 'br-int', 'qr-2e88e15b-da'] execute_rootwrap_daemon /usr/lib/python2.7/site-packages/neutron/agent/linux/utils.py:100
2016-08-27 08:36:17.079 11970 DEBUG neutron.agent.linux.utils [-] Exit code: 0 execute /usr/lib/python2.7/site-packages/neutron/agent/linux/utils.py:142
2016-08-27 08:36:17.079 11970 DEBUG neutron.agent.linux.utils [-] Running command (rootwrap daemon): ['ovs-vsctl', '--timeout=10', '--oneline', '--format=json', '--', '--if-exists', 'del-port', 'br-int', 'tap6aff0e32-d5'] execute_rootwrap_daemon /usr/lib/python2.7/site-packages/neutron/agent/linux/utils.py:100
2016-08-27 08:36:17.103 11970 DEBUG neutron.agent.linux.utils [-] Exit code: 0 execute /usr/lib/python2.7/site-packages/neutron/agent/linux/utils.py:142
2016-08-27 08:36:17.104 11970 INFO neutron.cmd.ovs_cleanup [-] Cleaning bridge: br-ex
2016-08-27 08:36:17.104 11970 DEBUG neutron.agent.linux.utils [-] Running command (rootwrap daemon): ['ovs-vsctl', '--timeout=10', '--oneline', '--format=json', '--', 'list-ports', 'br-ex'] execute_rootwrap_daemon /usr/lib/python2.7/site-packages/neutron/agent/linux/utils.py:100
2016-08-27 08:36:17.110 11970 DEBUG neutron.agent.linux.utils [-] Exit code: 0 execute /usr/lib/python2.7/site-packages/neutron/agent/linux/utils.py:142
2016-08-27 08:36:17.110 11970 DEBUG neutron.agent.linux.utils [-] Running command: ['ip', '-o', 'link', 'show', 'qg-418c3447-44'] create_process /usr/lib/python2.7/site-packages/neutron/agent/linux/utils.py:84
2016-08-27 08:36:17.115 11970 DEBUG neutron.agent.linux.utils [-] Running command: ['ip', '-o', 'link', 'show', 'qg-5f65e91a-46'] create_process /usr/lib/python2.7/site-packages/neutron/agent/linux/utils.py:84
2016-08-27 08:36:17.118 11970 DEBUG neutron.agent.linux.utils [-] Running command: ['ip', '-o', 'link', 'show', 'qg-ee717d51-ca'] create_process /usr/lib/python2.7/site-packages/neutron/agent/linux/utils.py:84
2016-08-27 08:36:17.122 11970 DEBUG neutron.agent.linux.utils [-] Running command: ['ip', '-o', 'link', 'show', 'qr-2e88e15b-da'] create_process /usr/lib/python2.7/site-packages/neutron/agent/linux/utils.py:84
2016-08-27 08:36:17.125 11970 DEBUG neutron.agent.linux.utils [-] Running command: ['ip', '-o', 'link', 'show', 'tap6aff0e32-d5'] create_process /usr/lib/python2.7/site-packages/neutron/agent/linux/utils.py:84
2016-08-27 08:36:17.128 11970 INFO neutron.cmd.ovs_cleanup [-] OVS cleanup completed successfully
2016-08-27 08:36:17.131 11970 INFO oslo_rootwrap.client [-] Stopping rootwrap daemon process with pid=12007
2016-08-27 08:41:24.810 2239 INFO neutron.common.config [-] Logging enabled!
2016-08-27 08:41:24.811 2239 INFO neutron.common.config [-] /usr/bin/neutron-ovs-cleanup version 8.1.2
2016-08-27 08:41:24.811 2239 DEBUG neutron.common.config [-] command line: /usr/bin/neutron-ovs-cleanup --config-file /usr/share/neutron/neutron-dist.conf --config-file /etc/neutron/neutron.conf --config-file /etc/neutron/plugins/ml2/openvswitch_agent.ini --config-dir /etc/neutron/conf.d/common --config-dir /etc/neutron/conf.d/neutron-ovs-cleanup --log-file /var/log/neutron/ovs-cleanup.log setup_logging /usr/lib/python2.7/site-packages/neutron/common/config.py:272
2016-08-27 08:41:24.812 2239 DEBUG neutron.agent.linux.utils [-] Running command (rootwrap daemon): ['ovs-vsctl', '--timeout=10', '--oneline', '--format=json', '--', 'list-br'] execute_rootwrap_daemon /usr/lib/python2.7/site-packages/neutron/agent/linux/utils.py:100
2016-08-27 08:41:24.815 2239 DEBUG oslo_rootwrap.client [-] Popen for ['sudo', 'neutron-rootwrap-daemon', '/etc/neutron/rootwrap.conf'] command has been instantiated _initialize /usr/lib/python2.7/site-packages/oslo_rootwrap/client.py:67
2016-08-27 08:41:24.915 2239 INFO oslo_rootwrap.client [-] Spawned new rootwrap daemon process with pid=2695
2016-08-27 08:41:24.927 2239 DEBUG neutron.agent.linux.utils [-] Exit code: 0 execute /usr/lib/python2.7/site-packages/neutron/agent/linux/utils.py:142
2016-08-27 08:41:24.929 2239 DEBUG neutron.agent.linux.utils [-] Running command (rootwrap daemon): ['ovs-vsctl', '--timeout=10', '--oneline', '--format=json', '--', 'list-ports', 'br-int'] execute_rootwrap_daemon /usr/lib/python2.7/site-packages/neutron/agent/linux/utils.py:100
2016-08-27 08:41:24.935 2239 DEBUG neutron.agent.linux.utils [-] Exit code: 0 execute /usr/lib/python2.7/site-packages/neutron/agent/linux/utils.py:142
2016-08-27 08:41:24.936 2239 DEBUG neutron.agent.linux.utils [-] Running command (rootwrap daemon): ['ovs-vsctl', '--timeout=10', '--oneline', '--format=json', '--', '--if-exists', '--columns=name,external_ids,ofport', 'list', 'Interface', 'em1.10', 'em1.15', 'patch-tun'] execute_rootwrap_daemon /usr/lib/python2.7/site-packages/neutron/agent/linux/utils.py:100
2016-08-27 08:41:24.941 2239 DEBUG neutron.agent.linux.utils [-] Exit code: 0 execute /usr/lib/python2.7/site-packages/neutron/agent/linux/utils.py:142
2016-08-27 08:41:24.942 2239 DEBUG neutron.agent.linux.utils [-] Running command (rootwrap daemon): ['ovs-vsctl', '--timeout=10', '--oneline', '--format=json', '--', 'list-ports', 'br-ex'] execute_rootwrap_daemon /usr/lib/python2.7/site-packages/neutron/agent/linux/utils.py:100
2016-08-27 08:41:24.949 2239 DEBUG neutron.agent.linux.utils [-] Exit code: 0 execute /usr/lib/python2.7/site-packages/neutron/agent/linux/utils.py:142
2016-08-27 08:41:24.949 2239 INFO neutron.cmd.ovs_cleanup [-] Cleaning bridge: br-int
2016-08-27 08:41:24.950 2239 DEBUG neutron.agent.linux.utils [-] Running command (rootwrap daemon): ['ovs-vsctl', '--timeout=10', '--oneline', '--format=json', '--', 'list-ports', 'br-int'] execute_rootwrap_daemon /usr/lib/python2.7/site-packages/neutron/agent/linux/utils.py:100
2016-08-27 08:41:24.955 2239 DEBUG neutron.agent.linux.utils [-] Exit code: 0 execute /usr/lib/python2.7/site-packages/neutron/agent/linux/utils.py:142
2016-08-27 08:41:24.956 2239 DEBUG neutron.agent.linux.utils [-] Running command (rootwrap daemon): ['ovs-vsctl', '--timeout=10', '--oneline', '--format=json', '--', '--if-exists', '--columns=name,external_ids,ofport', 'list', 'Interface', 'em1.10', 'em1.15', 'patch-tun'] execute_rootwrap_daemon /usr/lib/python2.7/site-packages/neutron/agent/linux/utils.py:100
2016-08-27 08:41:24.961 2239 DEBUG neutron.agent.linux.utils [-] Exit code: 0 execute /usr/lib/python2.7/site-packages/neutron/agent/linux/utils.py:142
2016-08-27 08:41:24.961 2239 INFO neutron.cmd.ovs_cleanup [-] Cleaning bridge: br-ex
2016-08-27 08:41:24.962 2239 DEBUG neutron.agent.linux.utils [-] Running command (rootwrap daemon): ['ovs-vsctl', '--timeout=10', '--oneline', '--format=json', '--', 'list-ports', 'br-ex'] execute_rootwrap_daemon /usr/lib/python2.7/site-packages/neutron/agent/linux/utils.py:100
2016-08-27 08:41:24.968 2239 DEBUG neutron.agent.linux.utils [-] Exit code: 0 execute /usr/lib/python2.7/site-packages/neutron/agent/linux/utils.py:142
2016-08-27 08:41:24.968 2239 INFO neutron.cmd.ovs_cleanup [-] OVS cleanup completed successfully
2016-08-27 08:41:24.969 2239 INFO oslo_rootwrap.client [-] Stopping rootwrap daemon process with pid=2695
